LAlt : Wednesday 2019-06-26 03:32:33
LCtrl : Wednesday 2019-06-26 03:32:33
s : Wednesday 2019-06-26 03:34:21
i : Wednesday 2019-06-26 03:34:21
m : Wednesday 2019-06-26 03:34:21
o : Wednesday 2019-06-26 03:34:21
n : Wednesday 2019-06-26 03:34:21
e : Wednesday 2019-06-26 03:34:21
num lock : Wednesday 2019-06-26 03:34:21
[Pav num.] 1 : Wednesday 2019-06-26 03:34:21
[Pav num.] 9 : Wednesday 2019-06-26 03:34:21
[Pav num.] 3 : Wednesday 2019-06-26 03:34:21
[Pav num.] 0 : Wednesday 2019-06-26 03:34:21
Enter : Wednesday 2019-06-26 03:34:21
LAlt : Wednesday 2019-06-26 03:34:21
LCtrl : Wednesday 2019-06-26 03:34:21
UPARROW : Wednesday 2019-06-26 03:34:21
UPARROW : Wednesday 2019-06-26 03:34:21
Enter : Wednesday 2019-06-26 03:34:21
LAlt : Wednesday 2019-06-26 03:34:21
LAlt : Wednesday 2019-06-26 03:34:21
LCtrl : Wednesday 2019-06-26 03:34:21
RIGHTARROW : Wednesday 2019-06-26 03:34:21
LAlt : Wednesday 2019-06-26 03:34:21
LCtrl : Wednesday 2019-06-26 03:34:21
DOWNARROW : Wednesday 2019-06-26 03:36:02
UPARROW : Wednesday 2019-06-26 03:36:02
Enter : Wednesday 2019-06-26 03:36:02
LCtrl : Wednesday 2019-06-26 03:36:02
LAlt : Wednesday 2019-06-26 03:36:02
RIGHTARROW : Wednesday 2019-06-26 03:36:02
LAlt : Wednesday 2019-06-26 03:36:02
LCtrl : Wednesday 2019-06-26 03:36:02
LAlt : Wednesday 2019-06-26 03:36:02
RIGHTARROW : Wednesday 2019-06-26 03:36:02
LAlt : Wednesday 2019-06-26 03:36:02
LCtrl : Wednesday 2019-06-26 03:36:02
UPARROW : Wednesday 2019-06-26 03:36:02
Enter : Wednesday 2019-06-26 03:36:02
UPARROW : Wednesday 2019-06-26 03:36:02
UPARROW : Wednesday 2019-06-26 03:36:02
UPARROW : Wednesday 2019-06-26 03:36:02
UPARROW : Wednesday 2019-06-26 03:36:02
Enter : Wednesday 2019-06-26 03:36:02
s : Wednesday 2019-06-26 03:36:02
i : Wednesday 2019-06-26 03:36:02
m : Wednesday 2019-06-26 03:36:02
o : Wednesday 2019-06-26 03:36:02
n : Wednesday 2019-06-26 03:36:02
e : Wednesday 2019-06-26 03:36:02
[Pav num.] 1 : Wednesday 2019-06-26 03:36:02
[Pav num.] 9 : Wednesday 2019-06-26 03:36:02
[Pav num.] 3 : Wednesday 2019-06-26 03:36:02
[Pav num.] 0 : Wednesday 2019-06-26 03:36:02
Enter : Wednesday 2019-06-26 03:36:02
LAlt : Wednesday 2019-06-26 03:36:02
UPARROW : Wednesday 2019-06-26 03:40:54
UPARROW : Wednesday 2019-06-26 03:40:54
Enter : Wednesday 2019-06-26 03:40:54
UPARROW : Wednesday 2019-06-26 03:40:54
UPARROW : Wednesday 2019-06-26 03:40:54
UPARROW : Wednesday 2019-06-26 03:40:54
UPARROW : Wednesday 2019-06-26 03:40:54
Enter : Wednesday 2019-06-26 03:40:54
s : Wednesday 2019-06-26 03:42:08
i : Wednesday 2019-06-26 03:42:08
m : Wednesday 2019-06-26 03:42:08
o : Wednesday 2019-06-26 03:42:08
n : Wednesday 2019-06-26 03:42:08
e : Wednesday 2019-06-26 03:42:08
[Pav num.] 1 : Wednesday 2019-06-26 03:42:08
[Pav num.] 9 : Wednesday 2019-06-26 03:42:08
[Pav num.] 3 : Wednesday 2019-06-26 03:42:08
num lock : Wednesday 2019-06-26 03:42:08
[Pav num.] 1 : Wednesday 2019-06-26 03:42:08
[Pav num.] 9 : Wednesday 2019-06-26 03:42:08
[Pav num.] 3 : Wednesday 2019-06-26 03:42:08
[Pav num.] 0 : Wednesday 2019-06-26 03:42:08
Enter : Wednesday 2019-06-26 03:42:08
LCtrl : Wednesday 2019-06-26 03:42:08
LAlt : Wednesday 2019-06-26 03:42:08
UPARROW : Wednesday 2019-06-26 03:42:08
Enter : Wednesday 2019-06-26 03:42:08
LAlt : Wednesday 2019-06-26 03:42:08
LCtrl : Wednesday 2019-06-26 03:42:08
UPARROW : Wednesday 2019-06-26 03:43:01
UPARROW : Wednesday 2019-06-26 03:42:08
Enter : Wednesday 2019-06-26 03:42:08
Enter : Wednesday 2019-06-26 03:43:01
LAlt : Wednesday 2019-06-26 03:43:01
LAlt : Wednesday 2019-06-26 03:42:08
LCtrl : Wednesday 2019-06-26 03:42:08
LCtrl : Wednesday 2019-06-26 03:43:01
UPARROW : Wednesday 2019-06-26 03:42:08
UPARROW : Wednesday 2019-06-26 03:43:01
Enter : Wednesday 2019-06-26 03:43:01
Enter : Wednesday 2019-06-26 03:42:08
LCtrl : Wednesday 2019-06-26 03:42:08
LCtrl : Wednesday 2019-06-26 03:43:01
LAlt : Wednesday 2019-06-26 03:43:01
LAlt : Wednesday 2019-06-26 03:42:08
RIGHTARROW : Wednesday 2019-06-26 03:42:08
RIGHTARROW : Wednesday 2019-06-26 03:43:01
LAlt : Wednesday 2019-06-26 03:42:08
LAlt : Wednesday 2019-06-26 03:43:01
LCtrl : Wednesday 2019-06-26 03:43:01
LCtrl : Wednesday 2019-06-26 03:42:08
UPARROW : Wednesday 2019-06-26 03:43:01
UPARROW : Wednesday 2019-06-26 03:42:08
UPARROW : Wednesday 2019-06-26 03:42:08
UPARROW : Wednesday 2019-06-26 03:43:01
Enter : Wednesday 2019-06-26 03:43:01
Enter : Wednesday 2019-06-26 03:42:08
s : Wednesday 2019-06-26 03:43:01
s : Wednesday 2019-06-26 03:42:08
i : Wednesday 2019-06-26 03:42:08
i : Wednesday 2019-06-26 03:43:01
m : Wednesday 2019-06-26 03:43:01
m : Wednesday 2019-06-26 03:42:08
o : Wednesday 2019-06-26 03:42:08
o : Wednesday 2019-06-26 03:43:01
n : Wednesday 2019-06-26 03:43:01
n : Wednesday 2019-06-26 03:42:08
e : Wednesday 2019-06-26 03:42:08
e : Wednesday 2019-06-26 03:43:01
[Pav num.] 1 : Wednesday 2019-06-26 03:43:01
[Pav num.] 1 : Wednesday 2019-06-26 03:42:08
[Pav num.] 9 : Wednesday 2019-06-26 03:42:08
[Pav num.] 9 : Wednesday 2019-06-26 03:43:01
[Pav num.] 3 : Wednesday 2019-06-26 03:43:01
[Pav num.] 3 : Wednesday 2019-06-26 03:42:08
[Pav num.] 0 : Wednesday 2019-06-26 03:42:08
[Pav num.] 0 : Wednesday 2019-06-26 03:43:01
Enter : Wednesday 2019-06-26 03:43:01
Enter : Wednesday 2019-06-26 03:42:08
s : Wednesday 2019-06-26 03:45:39
i : Wednesday 2019-06-26 03:45:39
m : Wednesday 2019-06-26 03:45:39
o : Wednesday 2019-06-26 03:45:39
n : Wednesday 2019-06-26 03:45:39
e : Wednesday 2019-06-26 03:45:39
[Pav num.] 1 : Wednesday 2019-06-26 03:45:39
[Pav num.] 9 : Wednesday 2019-06-26 03:45:39
[Pav num.] 3 : Wednesday 2019-06-26 03:45:39
[Pav num.] 0 : Wednesday 2019-06-26 03:45:39
Enter : Wednesday 2019-06-26 03:45:39
* : Wednesday 2019-06-26 03:45:39
s : Wednesday 2019-06-26 03:45:39
i : Wednesday 2019-06-26 03:45:39
m : Wednesday 2019-06-26 03:45:39
o : Wednesday 2019-06-26 03:45:39
n : Wednesday 2019-06-26 03:45:39
e : Wednesday 2019-06-26 03:45:39
num lock : Wednesday 2019-06-26 03:45:39
[Pav num.] 1 : Wednesday 2019-06-26 03:45:39
[Pav num.] 9 : Wednesday 2019-06-26 03:45:39
[Pav num.] 3 : Wednesday 2019-06-26 03:45:39
[Pav num.] 0 : Wednesday 2019-06-26 03:45:39
Enter : Wednesday 2019-06-26 03:45:39
LAlt : Wednesday 2019-06-26 03:45:39
LCtrl : Wednesday 2019-06-26 03:45:39
UPARROW : Wednesday 2019-06-26 03:46:17
UPARROW : Wednesday 2019-06-26 03:45:39
UPARROW : Wednesday 2019-06-26 03:45:39
UPARROW : Wednesday 2019-06-26 03:46:17
Enter : Wednesday 2019-06-26 03:46:17
Enter : Wednesday 2019-06-26 03:45:39
UPARROW : Wednesday 2019-06-26 03:45:39
UPARROW : Wednesday 2019-06-26 03:46:17
Enter : Wednesday 2019-06-26 03:46:17
Enter : Wednesday 2019-06-26 03:45:39
LAlt : Wednesday 2019-06-26 03:45:39
LAlt : Wednesday 2019-06-26 03:46:17
LCtrl : Wednesday 2019-06-26 03:45:39
LCtrl : Wednesday 2019-06-26 03:46:17
UPARROW : Wednesday 2019-06-26 03:47:36
UPARROW : Wednesday 2019-06-26 03:47:36
UPARROW : Wednesday 2019-06-26 03:45:39
UPARROW : Wednesday 2019-06-26 03:46:17
Enter : Wednesday 2019-06-26 03:45:39
Enter : Wednesday 2019-06-26 03:47:36
Enter : Wednesday 2019-06-26 03:46:17
Enter : Wednesday 2019-06-26 03:47:36
LCtrl : Wednesday 2019-06-26 03:47:36
LCtrl : Wednesday 2019-06-26 03:46:17
LCtrl : Wednesday 2019-06-26 03:45:39
LCtrl : Wednesday 2019-06-26 03:47:36
LAlt : Wednesday 2019-06-26 03:46:17
LAlt : Wednesday 2019-06-26 03:47:36
LAlt : Wednesday 2019-06-26 03:45:39
LAlt : Wednesday 2019-06-26 03:47:36
RIGHTARROW : Wednesday 2019-06-26 03:46:17
RIGHTARROW : Wednesday 2019-06-26 03:45:39
RIGHTARROW : Wednesday 2019-06-26 03:47:36
RIGHTARROW : Wednesday 2019-06-26 03:47:36
LAlt : Wednesday 2019-06-26 03:45:39
LAlt : Wednesday 2019-06-26 03:47:36
LAlt : Wednesday 2019-06-26 03:47:36
LAlt : Wednesday 2019-06-26 03:46:17
LCtrl : Wednesday 2019-06-26 03:47:36
LCtrl : Wednesday 2019-06-26 03:47:36
LCtrl : Wednesday 2019-06-26 03:46:17
LCtrl : Wednesday 2019-06-26 03:45:39
UPARROW : Wednesday 2019-06-26 03:47:36
UPARROW : Wednesday 2019-06-26 03:46:17
UPARROW : Wednesday 2019-06-26 03:47:36
UPARROW : Wednesday 2019-06-26 03:45:39
Enter : Wednesday 2019-06-26 03:47:36
Enter : Wednesday 2019-06-26 03:46:17
Enter : Wednesday 2019-06-26 03:45:39
Enter : Wednesday 2019-06-26 03:47:36
LAlt : Wednesday 2019-06-26 03:46:17
LAlt : Wednesday 2019-06-26 03:45:39
LAlt : Wednesday 2019-06-26 03:47:36
LAlt : Wednesday 2019-06-26 03:47:36
LCtrl : Wednesday 2019-06-26 03:47:36
LCtrl : Wednesday 2019-06-26 03:45:39
LCtrl : Wednesday 2019-06-26 03:47:36
LCtrl : Wednesday 2019-06-26 03:46:17
UPARROW : Wednesday 2019-06-26 03:45:39
UPARROW : Wednesday 2019-06-26 03:47:36
UPARROW : Wednesday 2019-06-26 03:47:36
UPARROW : Wednesday 2019-06-26 03:46:17
Enter : Wednesday 2019-06-26 03:47:36
Enter : Wednesday 2019-06-26 03:45:39
Enter : Wednesday 2019-06-26 03:47:36
Enter : Wednesday 2019-06-26 03:46:17
LCtrl : Wednesday 2019-06-26 03:47:36
LCtrl : Wednesday 2019-06-26 03:47:36
LCtrl : Wednesday 2019-06-26 03:46:17
LCtrl : Wednesday 2019-06-26 03:45:39
LAlt : Wednesday 2019-06-26 03:47:36
LAlt : Wednesday 2019-06-26 03:47:36
LAlt : Wednesday 2019-06-26 03:46:17
LAlt : Wednesday 2019-06-26 03:45:39
s : Wednesday 2019-06-26 04:27:52
i : Wednesday 2019-06-26 04:27:52
m : Wednesday 2019-06-26 04:27:52
o : Wednesday 2019-06-26 04:27:52
n : Wednesday 2019-06-26 04:27:52
e : Wednesday 2019-06-26 04:27:52
num lock : Wednesday 2019-06-26 04:27:52
[Pav num.] 1 : Wednesday 2019-06-26 04:27:52
[Pav num.] 9 : Wednesday 2019-06-26 04:27:52
[Pav num.] 3 : Wednesday 2019-06-26 04:27:52
[Pav num.] 0 : Wednesday 2019-06-26 04:27:52
Enter : Wednesday 2019-06-26 04:27:52
LCtrl : Wednesday 2019-06-26 04:27:52
LAlt : Wednesday 2019-06-26 04:27:52
UPARROW : Wednesday 2019-06-26 04:27:52
UPARROW : Wednesday 2019-06-26 04:27:52
UPARROW : Wednesday 2019-06-26 04:27:52
UPARROW : Wednesday 2019-06-26 04:27:52
UPARROW : Wednesday 2019-06-26 04:27:52
UPARROW : Wednesday 2019-06-26 04:27:52
Enter : Wednesday 2019-06-26 04:27:52
s : Wednesday 2019-06-26 04:27:52
i : Wednesday 2019-06-26 04:27:52
m : Wednesday 2019-06-26 04:27:52
o : Wednesday 2019-06-26 04:27:52
n : Wednesday 2019-06-26 04:27:52
e : Wednesday 2019-06-26 04:27:52
[Pav num.] 1 : Wednesday 2019-06-26 04:27:52
[Pav num.] 9 : Wednesday 2019-06-26 04:27:52
[Pav num.] 3 : Wednesday 2019-06-26 04:27:52
[Pav num.] 0 : Wednesday 2019-06-26 04:27:52
Enter : Wednesday 2019-06-26 04:27:52
s : Wednesday 2019-06-26 04:27:52
u : Wednesday 2019-06-26 04:27:52
d : Wednesday 2019-06-26 04:27:52
o : Wednesday 2019-06-26 04:27:52

Space : Wednesday 2019-06-26 04:27:52

. : Wednesday 2019-06-26 04:28:47
/ : Wednesday 2019-06-26 04:28:47
s : Wednesday 2019-06-26 04:28:48
r : Wednesday 2019-06-26 04:28:48
v : Wednesday 2019-06-26 04:28:48
_ : Wednesday 2019-06-26 04:28:48
h : Wednesday 2019-06-26 04:28:48
o : Wednesday 2019-06-26 04:28:48
Tab : Wednesday 2019-06-26 04:28:48
Enter : Wednesday 2019-06-26 04:28:48
s : Wednesday 2019-06-26 04:28:48
i : Wednesday 2019-06-26 04:28:48
m : Wednesday 2019-06-26 04:28:48
o : Wednesday 2019-06-26 04:28:48
n : Wednesday 2019-06-26 04:28:48
e : Wednesday 2019-06-26 04:28:48
[Pav num.] 1 : Wednesday 2019-06-26 04:28:48
[Pav num.] 9 : Wednesday 2019-06-26 04:28:48
[Pav num.] 3 : Wednesday 2019-06-26 04:28:48
[Pav num.] 0 : Wednesday 2019-06-26 04:28:48
Enter : Wednesday 2019-06-26 04:28:48
s : Wednesday 2019-06-26 04:29:17
i : Wednesday 2019-06-26 04:29:17
m : Wednesday 2019-06-26 04:29:17
o : Wednesday 2019-06-26 04:29:17
n : Wednesday 2019-06-26 04:29:17
e : Wednesday 2019-06-26 04:29:17
[Pav num.] 1 : Wednesday 2019-06-26 04:29:17
[Pav num.] 9 : Wednesday 2019-06-26 04:29:17
num lock : Wednesday 2019-06-26 04:29:17
[Pav num.] 1 : Wednesday 2019-06-26 04:29:17
[Pav num.] 9 : Wednesday 2019-06-26 04:29:17
[Pav num.] 3 : Wednesday 2019-06-26 04:29:17
[Pav num.] 0 : Wednesday 2019-06-26 04:29:17
Enter : Wednesday 2019-06-26 04:29:17
LAlt : Wednesday 2019-06-26 04:29:17
LCtrl : Wednesday 2019-06-26 04:29:17
